running egg_info
creating ../../build/turtle_mpc/turtle_mpc.egg-info
writing ../../build/turtle_mpc/turtle_mpc.egg-info/PKG-INFO
writing dependency_links to ../../build/turtle_mpc/turtle_mpc.egg-info/dependency_links.txt
writing entry points to ../../build/turtle_mpc/turtle_mpc.egg-info/entry_points.txt
writing requirements to ../../build/turtle_mpc/turtle_mpc.egg-info/requires.txt
writing top-level names to ../../build/turtle_mpc/turtle_mpc.egg-info/top_level.txt
writing manifest file '../../build/turtle_mpc/turtle_mpc.egg-info/SOURCES.txt'
reading manifest file '../../build/turtle_mpc/turtle_mpc.egg-info/SOURCES.txt'
writing manifest file '../../build/turtle_mpc/turtle_mpc.egg-info/SOURCES.txt'
running build
running build_py
creating /home/siddharth/MPC_workspace/build/turtle_mpc/build
creating /home/siddharth/MPC_workspace/build/turtle_mpc/build/lib
creating /home/siddharth/MPC_workspace/build/turtle_mpc/build/lib/turtle_mpc
copying turtle_mpc/__init__.py -> /home/siddharth/MPC_workspace/build/turtle_mpc/build/lib/turtle_mpc
copying turtle_mpc/turtle_waypoint_controller.py -> /home/siddharth/MPC_workspace/build/turtle_mpc/build/lib/turtle_mpc
running install
running install_lib
creating /home/siddharth/MPC_workspace/install/turtle_mpc/lib/python3.10/site-packages/turtle_mpc
copying /home/siddharth/MPC_workspace/build/turtle_mpc/build/lib/turtle_mpc/__init__.py -> /home/siddharth/MPC_workspace/install/turtle_mpc/lib/python3.10/site-packages/turtle_mpc
copying /home/siddharth/MPC_workspace/build/turtle_mpc/build/lib/turtle_mpc/turtle_waypoint_controller.py -> /home/siddharth/MPC_workspace/install/turtle_mpc/lib/python3.10/site-packages/turtle_mpc
byte-compiling /home/siddharth/MPC_workspace/install/turtle_mpc/lib/python3.10/site-packages/turtle_mpc/__init__.py to __init__.cpython-310.pyc
byte-compiling /home/siddharth/MPC_workspace/install/turtle_mpc/lib/python3.10/site-packages/turtle_mpc/turtle_waypoint_controller.py to turtle_waypoint_controller.cpython-310.pyc
running install_data
creating /home/siddharth/MPC_workspace/install/turtle_mpc/share/ament_index
creating /home/siddharth/MPC_workspace/install/turtle_mpc/share/ament_index/resource_index
creating /home/siddharth/MPC_workspace/install/turtle_mpc/share/ament_index/resource_index/packages
copying resource/turtle_mpc -> /home/siddharth/MPC_workspace/install/turtle_mpc/share/ament_index/resource_index/packages
copying package.xml -> /home/siddharth/MPC_workspace/install/turtle_mpc/share/turtle_mpc
running install_egg_info
Copying ../../build/turtle_mpc/turtle_mpc.egg-info to /home/siddharth/MPC_workspace/install/turtle_mpc/lib/python3.10/site-packages/turtle_mpc-0.0.0-py3.10.egg-info
running install_scripts
writing list of installed files to '/home/siddharth/MPC_workspace/build/turtle_mpc/install.log'
