[0.505s] Invoking command in '/home/siddharth/MPC_workspace/src/turtle_mpc': PYTHONPATH=/home/siddharth/MPC_workspace/build/turtle_mpc/prefix_override:/usr/lib/python3/dist-packages/colcon_core/task/python/colcon_distutils_commands:/home/siddharth/MPC_workspace/install/turtle_mpc/lib/python3.10/site-packages:${PYTHONPATH} /usr/bin/python3 -W ignore:setup.py install is deprecated -W ignore:easy_install command is deprecated setup.py egg_info --egg-base ../../build/turtle_mpc build --build-base /home/siddharth/MPC_workspace/build/turtle_mpc/build install --record /home/siddharth/MPC_workspace/build/turtle_mpc/install.log --single-version-externally-managed install_data
[0.650s] running egg_info
[0.650s] creating ../../build/turtle_mpc/turtle_mpc.egg-info
[0.650s] writing ../../build/turtle_mpc/turtle_mpc.egg-info/PKG-INFO
[0.650s] writing dependency_links to ../../build/turtle_mpc/turtle_mpc.egg-info/dependency_links.txt
[0.650s] writing entry points to ../../build/turtle_mpc/turtle_mpc.egg-info/entry_points.txt
[0.650s] writing requirements to ../../build/turtle_mpc/turtle_mpc.egg-info/requires.txt
[0.650s] writing top-level names to ../../build/turtle_mpc/turtle_mpc.egg-info/top_level.txt
[0.650s] writing manifest file '../../build/turtle_mpc/turtle_mpc.egg-info/SOURCES.txt'
[0.651s] reading manifest file '../../build/turtle_mpc/turtle_mpc.egg-info/SOURCES.txt'
[0.651s] writing manifest file '../../build/turtle_mpc/turtle_mpc.egg-info/SOURCES.txt'
[0.651s] running build
[0.651s] running build_py
[0.651s] creating /home/siddharth/MPC_workspace/build/turtle_mpc/build
[0.651s] creating /home/siddharth/MPC_workspace/build/turtle_mpc/build/lib
[0.651s] creating /home/siddharth/MPC_workspace/build/turtle_mpc/build/lib/turtle_mpc
[0.651s] copying turtle_mpc/__init__.py -> /home/siddharth/MPC_workspace/build/turtle_mpc/build/lib/turtle_mpc
[0.651s] copying turtle_mpc/turtle_waypoint_controller.py -> /home/siddharth/MPC_workspace/build/turtle_mpc/build/lib/turtle_mpc
[0.651s] running install
[0.651s] running install_lib
[0.652s] creating /home/siddharth/MPC_workspace/install/turtle_mpc/lib/python3.10/site-packages/turtle_mpc
[0.652s] copying /home/siddharth/MPC_workspace/build/turtle_mpc/build/lib/turtle_mpc/__init__.py -> /home/siddharth/MPC_workspace/install/turtle_mpc/lib/python3.10/site-packages/turtle_mpc
[0.652s] copying /home/siddharth/MPC_workspace/build/turtle_mpc/build/lib/turtle_mpc/turtle_waypoint_controller.py -> /home/siddharth/MPC_workspace/install/turtle_mpc/lib/python3.10/site-packages/turtle_mpc
[0.652s] byte-compiling /home/siddharth/MPC_workspace/install/turtle_mpc/lib/python3.10/site-packages/turtle_mpc/__init__.py to __init__.cpython-310.pyc
[0.652s] byte-compiling /home/siddharth/MPC_workspace/install/turtle_mpc/lib/python3.10/site-packages/turtle_mpc/turtle_waypoint_controller.py to turtle_waypoint_controller.cpython-310.pyc
[0.654s] running install_data
[0.654s] creating /home/siddharth/MPC_workspace/install/turtle_mpc/share/ament_index
[0.654s] creating /home/siddharth/MPC_workspace/install/turtle_mpc/share/ament_index/resource_index
[0.654s] creating /home/siddharth/MPC_workspace/install/turtle_mpc/share/ament_index/resource_index/packages
[0.654s] copying resource/turtle_mpc -> /home/siddharth/MPC_workspace/install/turtle_mpc/share/ament_index/resource_index/packages
[0.654s] copying package.xml -> /home/siddharth/MPC_workspace/install/turtle_mpc/share/turtle_mpc
[0.654s] running install_egg_info
[0.654s] Copying ../../build/turtle_mpc/turtle_mpc.egg-info to /home/siddharth/MPC_workspace/install/turtle_mpc/lib/python3.10/site-packages/turtle_mpc-0.0.0-py3.10.egg-info
[0.656s] running install_scripts
[0.674s] writing list of installed files to '/home/siddharth/MPC_workspace/build/turtle_mpc/install.log'
[0.695s] Invoked command in '/home/siddharth/MPC_workspace/src/turtle_mpc' returned '0': PYTHONPATH=/home/siddharth/MPC_workspace/build/turtle_mpc/prefix_override:/usr/lib/python3/dist-packages/colcon_core/task/python/colcon_distutils_commands:/home/siddharth/MPC_workspace/install/turtle_mpc/lib/python3.10/site-packages:${PYTHONPATH} /usr/bin/python3 -W ignore:setup.py install is deprecated -W ignore:easy_install command is deprecated setup.py egg_info --egg-base ../../build/turtle_mpc build --build-base /home/siddharth/MPC_workspace/build/turtle_mpc/build install --record /home/siddharth/MPC_workspace/build/turtle_mpc/install.log --single-version-externally-managed install_data
