[0.477s] Invoking command in '/home/siddharth/MPC_workspace/src/turtle_mpc': PYTHONPATH=/home/siddharth/MPC_workspace/build/turtle_mpc/prefix_override:/usr/lib/python3/dist-packages/colcon_core/task/python/colcon_distutils_commands:/home/siddharth/MPC_workspace/install/turtle_mpc/lib/python3.10/site-packages:${PYTHONPATH} /usr/bin/python3 -W ignore:setup.py install is deprecated -W ignore:easy_install command is deprecated setup.py egg_info --egg-base ../../build/turtle_mpc build --build-base /home/siddharth/MPC_workspace/build/turtle_mpc/build install --record /home/siddharth/MPC_workspace/build/turtle_mpc/install.log --single-version-externally-managed install_data
[0.611s] running egg_info
[0.611s] writing ../../build/turtle_mpc/turtle_mpc.egg-info/PKG-INFO
[0.617s] writing dependency_links to ../../build/turtle_mpc/turtle_mpc.egg-info/dependency_links.txt
[0.617s] writing entry points to ../../build/turtle_mpc/turtle_mpc.egg-info/entry_points.txt
[0.621s] writing requirements to ../../build/turtle_mpc/turtle_mpc.egg-info/requires.txt
[0.621s] writing top-level names to ../../build/turtle_mpc/turtle_mpc.egg-info/top_level.txt
[0.634s] reading manifest file '../../build/turtle_mpc/turtle_mpc.egg-info/SOURCES.txt'
[0.642s] writing manifest file '../../build/turtle_mpc/turtle_mpc.egg-info/SOURCES.txt'
[0.643s] running build
[0.643s] running build_py
[0.646s] copying turtle_mpc/turtle_waypoint_controller.py -> /home/siddharth/MPC_workspace/build/turtle_mpc/build/lib/turtle_mpc
[0.646s] running install
[0.646s] running install_lib
[0.646s] copying /home/siddharth/MPC_workspace/build/turtle_mpc/build/lib/turtle_mpc/turtle_waypoint_controller.py -> /home/siddharth/MPC_workspace/install/turtle_mpc/lib/python3.10/site-packages/turtle_mpc
[0.646s] byte-compiling /home/siddharth/MPC_workspace/install/turtle_mpc/lib/python3.10/site-packages/turtle_mpc/turtle_waypoint_controller.py to turtle_waypoint_controller.cpython-310.pyc
[0.646s] running install_data
[0.646s] running install_egg_info
[0.646s] removing '/home/siddharth/MPC_workspace/install/turtle_mpc/lib/python3.10/site-packages/turtle_mpc-0.0.0-py3.10.egg-info' (and everything under it)
[0.646s] Copying ../../build/turtle_mpc/turtle_mpc.egg-info to /home/siddharth/MPC_workspace/install/turtle_mpc/lib/python3.10/site-packages/turtle_mpc-0.0.0-py3.10.egg-info
[0.646s] running install_scripts
[0.672s] Installing turtle_waypoint_controller script to /home/siddharth/MPC_workspace/install/turtle_mpc/lib/turtle_mpc
[0.672s] writing list of installed files to '/home/siddharth/MPC_workspace/build/turtle_mpc/install.log'
[0.706s] Invoked command in '/home/siddharth/MPC_workspace/src/turtle_mpc' returned '0': PYTHONPATH=/home/siddharth/MPC_workspace/build/turtle_mpc/prefix_override:/usr/lib/python3/dist-packages/colcon_core/task/python/colcon_distutils_commands:/home/siddharth/MPC_workspace/install/turtle_mpc/lib/python3.10/site-packages:${PYTHONPATH} /usr/bin/python3 -W ignore:setup.py install is deprecated -W ignore:easy_install command is deprecated setup.py egg_info --egg-base ../../build/turtle_mpc build --build-base /home/siddharth/MPC_workspace/build/turtle_mpc/build install --record /home/siddharth/MPC_workspace/build/turtle_mpc/install.log --single-version-externally-managed install_data
