running egg_info
writing ../../build/turtle_mpc/turtle_mpc.egg-info/PKG-INFO
writing dependency_links to ../../build/turtle_mpc/turtle_mpc.egg-info/dependency_links.txt
writing entry points to ../../build/turtle_mpc/turtle_mpc.egg-info/entry_points.txt
writing requirements to ../../build/turtle_mpc/turtle_mpc.egg-info/requires.txt
writing top-level names to ../../build/turtle_mpc/turtle_mpc.egg-info/top_level.txt
reading manifest file '../../build/turtle_mpc/turtle_mpc.egg-info/SOURCES.txt'
writing manifest file '../../build/turtle_mpc/turtle_mpc.egg-info/SOURCES.txt'
running build
running build_py
copying turtle_mpc/turtle_waypoint_controller.py -> /home/siddharth/MPC_workspace/build/turtle_mpc/build/lib/turtle_mpc
running install
running install_lib
copying /home/siddharth/MPC_workspace/build/turtle_mpc/build/lib/turtle_mpc/turtle_waypoint_controller.py -> /home/siddharth/MPC_workspace/install/turtle_mpc/lib/python3.10/site-packages/turtle_mpc
byte-compiling /home/siddharth/MPC_workspace/install/turtle_mpc/lib/python3.10/site-packages/turtle_mpc/turtle_waypoint_controller.py to turtle_waypoint_controller.cpython-310.pyc
running install_data
running install_egg_info
removing '/home/siddharth/MPC_workspace/install/turtle_mpc/lib/python3.10/site-packages/turtle_mpc-0.0.0-py3.10.egg-info' (and everything under it)
Copying ../../build/turtle_mpc/turtle_mpc.egg-info to /home/siddharth/MPC_workspace/install/turtle_mpc/lib/python3.10/site-packages/turtle_mpc-0.0.0-py3.10.egg-info
running install_scripts
Installing turtle_waypoint_controller script to /home/siddharth/MPC_workspace/install/turtle_mpc/lib/turtle_mpc
writing list of installed files to '/home/siddharth/MPC_workspace/build/turtle_mpc/install.log'
