[0.077s] DEBUG:colcon:Command line arguments: ['/usr/bin/colcon', 'build']
[0.077s] DEBUG:colcon:Parsed command line arguments: Namespace(log_base=None, log_level=None, verb_name='build', build_base='build', install_base='install', merge_install=False, symlink_install=False, test_result_base=None, continue_on_error=False, executor='parallel', parallel_workers=2, event_handlers=None, ignore_user_meta=False, metas=['./colcon.meta'], base_paths=['.'], packages_ignore=None, packages_ignore_regex=None, paths=None, packages_up_to=None, packages_up_to_regex=None, packages_above=None, packages_above_and_dependencies=None, packages_above_depth=None, packages_select_by_dep=None, packages_skip_by_dep=None, packages_skip_up_to=None, packages_select_build_failed=False, packages_skip_build_finished=False, packages_select_test_failures=False, packages_skip_test_passed=False, packages_select=None, packages_skip=None, packages_select_regex=None, packages_skip_regex=None, packages_start=None, packages_end=None, allow_overriding=[], cmake_args=None, cmake_target=None, cmake_target_skip_unavailable=False, cmake_clean_cache=False, cmake_clean_first=False, cmake_force_configure=False, ament_cmake_args=None, catkin_cmake_args=None, catkin_skip_building_tests=False, verb_parser=<colcon_defaults.argument_parser.defaults.DefaultArgumentsDecorator object at 0x779541acac50>, verb_extension=<colcon_core.verb.build.BuildVerb object at 0x779541c680a0>, main=<bound method BuildVerb.main of <colcon_core.verb.build.BuildVerb object at 0x779541c680a0>>)
[0.422s] Level 1:colcon.colcon_core.package_discovery:discover_packages(colcon_meta) check parameters
[0.422s] Level 1:colcon.colcon_core.package_discovery:discover_packages(recursive) check parameters
[0.422s] Level 1:colcon.colcon_core.package_discovery:discover_packages(ignore) check parameters
[0.422s] Level 1:colcon.colcon_core.package_discovery:discover_packages(path) check parameters
[0.422s] Level 1:colcon.colcon_core.package_discovery:discover_packages(colcon_meta) discover
[0.422s] Level 1:colcon.colcon_core.package_discovery:discover_packages(recursive) discover
[0.422s] INFO:colcon.colcon_core.package_discovery:Crawling recursively for packages in '/home/siddharth/MPC_workspace'
[0.422s] Level 1:colcon.colcon_core.package_identification:_identify(.) by extensions ['ignore', 'ignore_ament_install']
[0.422s] Level 1:colcon.colcon_core.package_identification:_identify(.) by extension 'ignore'
[0.422s] Level 1:colcon.colcon_core.package_identification:_identify(.) by extension 'ignore_ament_install'
[0.422s] Level 1:colcon.colcon_core.package_identification:_identify(.) by extensions ['colcon_pkg']
[0.422s] Level 1:colcon.colcon_core.package_identification:_identify(.) by extension 'colcon_pkg'
[0.422s] Level 1:colcon.colcon_core.package_identification:_identify(.) by extensions ['colcon_meta']
[0.422s] Level 1:colcon.colcon_core.package_identification:_identify(.) by extension 'colcon_meta'
[0.422s] Level 1:colcon.colcon_core.package_identification:_identify(.) by extensions ['ros']
[0.422s] Level 1:colcon.colcon_core.package_identification:_identify(.) by extension 'ros'
[0.439s] Level 1:colcon.colcon_core.package_identification:_identify(.) by extensions ['cmake', 'python']
[0.439s] Level 1:colcon.colcon_core.package_identification:_identify(.) by extension 'cmake'
[0.439s] Level 1:colcon.colcon_core.package_identification:_identify(.) by extension 'python'
[0.439s] Level 1:colcon.colcon_core.package_identification:_identify(.) by extensions ['python_setup_py']
[0.439s] Level 1:colcon.colcon_core.package_identification:_identify(.) by extension 'python_setup_py'
[0.439s] Level 1:colcon.colcon_core.package_identification:_identify(build) by extensions ['ignore', 'ignore_ament_install']
[0.439s] Level 1:colcon.colcon_core.package_identification:_identify(build) by extension 'ignore'
[0.439s] Level 1:colcon.colcon_core.package_identification:_identify(build) ignored
[0.439s] Level 1:colcon.colcon_core.package_identification:_identify(install) by extensions ['ignore', 'ignore_ament_install']
[0.439s] Level 1:colcon.colcon_core.package_identification:_identify(install) by extension 'ignore'
[0.439s] Level 1:colcon.colcon_core.package_identification:_identify(install) ignored
[0.440s] Level 1:colcon.colcon_core.package_identification:_identify(log) by extensions ['ignore', 'ignore_ament_install']
[0.440s] Level 1:colcon.colcon_core.package_identification:_identify(log) by extension 'ignore'
[0.440s] Level 1:colcon.colcon_core.package_identification:_identify(log) ignored
[0.440s] Level 1:colcon.colcon_core.package_identification:_identify(src) by extensions ['ignore', 'ignore_ament_install']
[0.440s] Level 1:colcon.colcon_core.package_identification:_identify(src) by extension 'ignore'
[0.440s] Level 1:colcon.colcon_core.package_identification:_identify(src) by extension 'ignore_ament_install'
[0.440s] Level 1:colcon.colcon_core.package_identification:_identify(src) by extensions ['colcon_pkg']
[0.440s] Level 1:colcon.colcon_core.package_identification:_identify(src) by extension 'colcon_pkg'
[0.440s] Level 1:colcon.colcon_core.package_identification:_identify(src) by extensions ['colcon_meta']
[0.440s] Level 1:colcon.colcon_core.package_identification:_identify(src) by extension 'colcon_meta'
[0.440s] Level 1:colcon.colcon_core.package_identification:_identify(src) by extensions ['ros']
[0.440s] Level 1:colcon.colcon_core.package_identification:_identify(src) by extension 'ros'
[0.440s] Level 1:colcon.colcon_core.package_identification:_identify(src) by extensions ['cmake', 'python']
[0.440s] Level 1:colcon.colcon_core.package_identification:_identify(src) by extension 'cmake'
[0.440s] Level 1:colcon.colcon_core.package_identification:_identify(src) by extension 'python'
[0.440s] Level 1:colcon.colcon_core.package_identification:_identify(src) by extensions ['python_setup_py']
[0.440s] Level 1:colcon.colcon_core.package_identification:_identify(src) by extension 'python_setup_py'
[0.440s] Level 1:colcon.colcon_core.package_identification:_identify(src/turtle_mpc) by extensions ['ignore', 'ignore_ament_install']
[0.440s] Level 1:colcon.colcon_core.package_identification:_identify(src/turtle_mpc) by extension 'ignore'
[0.440s] Level 1:colcon.colcon_core.package_identification:_identify(src/turtle_mpc) by extension 'ignore_ament_install'
[0.440s] Level 1:colcon.colcon_core.package_identification:_identify(src/turtle_mpc) by extensions ['colcon_pkg']
[0.440s] Level 1:colcon.colcon_core.package_identification:_identify(src/turtle_mpc) by extension 'colcon_pkg'
[0.440s] Level 1:colcon.colcon_core.package_identification:_identify(src/turtle_mpc) by extensions ['colcon_meta']
[0.440s] Level 1:colcon.colcon_core.package_identification:_identify(src/turtle_mpc) by extension 'colcon_meta'
[0.440s] Level 1:colcon.colcon_core.package_identification:_identify(src/turtle_mpc) by extensions ['ros']
[0.440s] Level 1:colcon.colcon_core.package_identification:_identify(src/turtle_mpc) by extension 'ros'
[0.444s] DEBUG:colcon.colcon_core.package_identification:Package 'src/turtle_mpc' with type 'ros.ament_python' and name 'turtle_mpc'
[0.444s] Level 1:colcon.colcon_core.package_discovery:discover_packages(recursive) using defaults
[0.444s] Level 1:colcon.colcon_core.package_discovery:discover_packages(ignore) discover
[0.444s] Level 1:colcon.colcon_core.package_discovery:discover_packages(ignore) using defaults
[0.444s] Level 1:colcon.colcon_core.package_discovery:discover_packages(path) discover
[0.444s] Level 1:colcon.colcon_core.package_discovery:discover_packages(path) using defaults
[0.468s] Level 1:colcon.colcon_core.package_discovery:discover_packages(prefix_path) check parameters
[0.468s] Level 1:colcon.colcon_core.package_discovery:discover_packages(prefix_path) discover
[0.470s] DEBUG:colcon.colcon_installed_package_information.package_discovery:Found 271 installed packages in /opt/ros/humble
[0.470s] Level 1:colcon.colcon_core.package_discovery:discover_packages(prefix_path) using defaults
[0.609s] Level 5:colcon.colcon_core.verb:set package 'turtle_mpc' build argument 'cmake_args' from command line to 'None'
[0.609s] Level 5:colcon.colcon_core.verb:set package 'turtle_mpc' build argument 'cmake_target' from command line to 'None'
[0.609s] Level 5:colcon.colcon_core.verb:set package 'turtle_mpc' build argument 'cmake_target_skip_unavailable' from command line to 'False'
[0.609s] Level 5:colcon.colcon_core.verb:set package 'turtle_mpc' build argument 'cmake_clean_cache' from command line to 'False'
[0.609s] Level 5:colcon.colcon_core.verb:set package 'turtle_mpc' build argument 'cmake_clean_first' from command line to 'False'
[0.609s] Level 5:colcon.colcon_core.verb:set package 'turtle_mpc' build argument 'cmake_force_configure' from command line to 'False'
[0.609s] Level 5:colcon.colcon_core.verb:set package 'turtle_mpc' build argument 'ament_cmake_args' from command line to 'None'
[0.609s] Level 5:colcon.colcon_core.verb:set package 'turtle_mpc' build argument 'catkin_cmake_args' from command line to 'None'
[0.609s] Level 5:colcon.colcon_core.verb:set package 'turtle_mpc' build argument 'catkin_skip_building_tests' from command line to 'False'
[0.609s] DEBUG:colcon.colcon_core.verb:Building package 'turtle_mpc' with the following arguments: {'ament_cmake_args': None, 'build_base': '/home/siddharth/MPC_workspace/build/turtle_mpc', 'catkin_cmake_args': None, 'catkin_skip_building_tests': False, 'cmake_args': None, 'cmake_clean_cache': False, 'cmake_clean_first': False, 'cmake_force_configure': False, 'cmake_target': None, 'cmake_target_skip_unavailable': False, 'install_base': '/home/siddharth/MPC_workspace/install/turtle_mpc', 'merge_install': False, 'path': '/home/siddharth/MPC_workspace/src/turtle_mpc', 'symlink_install': False, 'test_result_base': None}
[0.609s] INFO:colcon.colcon_core.executor:Executing jobs using 'parallel' executor
[0.611s] DEBUG:colcon.colcon_parallel_executor.executor.parallel:run_until_complete
[0.611s] INFO:colcon.colcon_ros.task.ament_python.build:Building ROS package in '/home/siddharth/MPC_workspace/src/turtle_mpc' with build type 'ament_python'
[0.612s] Level 1:colcon.colcon_core.shell:create_environment_hook('turtle_mpc', 'ament_prefix_path')
[0.614s] INFO:colcon.colcon_core.plugin_system:Skipping extension 'colcon_core.shell.bat': Not used on non-Windows systems
[0.614s] INFO:colcon.colcon_core.shell:Creating environment hook '/home/siddharth/MPC_workspace/install/turtle_mpc/share/turtle_mpc/hook/ament_prefix_path.ps1'
[0.616s] INFO:colcon.colcon_core.shell:Creating environment descriptor '/home/siddharth/MPC_workspace/install/turtle_mpc/share/turtle_mpc/hook/ament_prefix_path.dsv'
[0.616s] INFO:colcon.colcon_core.shell:Creating environment hook '/home/siddharth/MPC_workspace/install/turtle_mpc/share/turtle_mpc/hook/ament_prefix_path.sh'
[0.616s] INFO:colcon.colcon_core.shell:Skip shell extension 'powershell' for command environment: Not usable outside of PowerShell
[0.616s] DEBUG:colcon.colcon_core.shell:Skip shell extension 'dsv' for command environment
[0.812s] INFO:colcon.colcon_core.task.python.build:Building Python package in '/home/siddharth/MPC_workspace/src/turtle_mpc'
[0.813s] INFO:colcon.colcon_core.shell:Skip shell extension 'powershell' for command environment: Not usable outside of PowerShell
[0.813s] DEBUG:colcon.colcon_core.shell:Skip shell extension 'dsv' for command environment
[1.116s] DEBUG:colcon.colcon_core.event_handler.log_command:Invoking command in '/home/siddharth/MPC_workspace/src/turtle_mpc': PYTHONPATH=/home/siddharth/MPC_workspace/build/turtle_mpc/prefix_override:/usr/lib/python3/dist-packages/colcon_core/task/python/colcon_distutils_commands:/home/siddharth/MPC_workspace/install/turtle_mpc/lib/python3.10/site-packages:${PYTHONPATH} /usr/bin/python3 -W ignore:setup.py install is deprecated -W ignore:easy_install command is deprecated setup.py egg_info --egg-base ../../build/turtle_mpc build --build-base /home/siddharth/MPC_workspace/build/turtle_mpc/build install --record /home/siddharth/MPC_workspace/build/turtle_mpc/install.log --single-version-externally-managed install_data
[1.306s] DEBUG:colcon.colcon_core.event_handler.log_command:Invoked command in '/home/siddharth/MPC_workspace/src/turtle_mpc' returned '0': PYTHONPATH=/home/siddharth/MPC_workspace/build/turtle_mpc/prefix_override:/usr/lib/python3/dist-packages/colcon_core/task/python/colcon_distutils_commands:/home/siddharth/MPC_workspace/install/turtle_mpc/lib/python3.10/site-packages:${PYTHONPATH} /usr/bin/python3 -W ignore:setup.py install is deprecated -W ignore:easy_install command is deprecated setup.py egg_info --egg-base ../../build/turtle_mpc build --build-base /home/siddharth/MPC_workspace/build/turtle_mpc/build install --record /home/siddharth/MPC_workspace/build/turtle_mpc/install.log --single-version-externally-managed install_data
[1.309s] Level 1:colcon.colcon_core.environment:checking '/home/siddharth/MPC_workspace/install/turtle_mpc' for CMake module files
[1.309s] Level 1:colcon.colcon_core.environment:checking '/home/siddharth/MPC_workspace/install/turtle_mpc' for CMake config files
[1.309s] Level 1:colcon.colcon_core.environment:checking '/home/siddharth/MPC_workspace/install/turtle_mpc/lib'
[1.310s] Level 1:colcon.colcon_core.environment:checking '/home/siddharth/MPC_workspace/install/turtle_mpc/bin'
[1.310s] Level 1:colcon.colcon_core.environment:checking '/home/siddharth/MPC_workspace/install/turtle_mpc/lib/pkgconfig/turtle_mpc.pc'
[1.310s] Level 1:colcon.colcon_core.environment:checking '/home/siddharth/MPC_workspace/install/turtle_mpc/lib/python3.10/site-packages'
[1.310s] Level 1:colcon.colcon_core.shell:create_environment_hook('turtle_mpc', 'pythonpath')
[1.310s] INFO:colcon.colcon_core.shell:Creating environment hook '/home/siddharth/MPC_workspace/install/turtle_mpc/share/turtle_mpc/hook/pythonpath.ps1'
[1.310s] INFO:colcon.colcon_core.shell:Creating environment descriptor '/home/siddharth/MPC_workspace/install/turtle_mpc/share/turtle_mpc/hook/pythonpath.dsv'
[1.310s] INFO:colcon.colcon_core.shell:Creating environment hook '/home/siddharth/MPC_workspace/install/turtle_mpc/share/turtle_mpc/hook/pythonpath.sh'
[1.311s] Level 1:colcon.colcon_core.environment:checking '/home/siddharth/MPC_workspace/install/turtle_mpc/bin'
[1.311s] Level 1:colcon.colcon_core.environment:create_environment_scripts_only(turtle_mpc)
[1.311s] INFO:colcon.colcon_core.shell:Creating package script '/home/siddharth/MPC_workspace/install/turtle_mpc/share/turtle_mpc/package.ps1'
[1.317s] INFO:colcon.colcon_core.shell:Creating package descriptor '/home/siddharth/MPC_workspace/install/turtle_mpc/share/turtle_mpc/package.dsv'
[1.317s] INFO:colcon.colcon_core.shell:Creating package script '/home/siddharth/MPC_workspace/install/turtle_mpc/share/turtle_mpc/package.sh'
[1.318s] INFO:colcon.colcon_core.shell:Creating package script '/home/siddharth/MPC_workspace/install/turtle_mpc/share/turtle_mpc/package.bash'
[1.318s] INFO:colcon.colcon_core.shell:Creating package script '/home/siddharth/MPC_workspace/install/turtle_mpc/share/turtle_mpc/package.zsh'
[1.320s] Level 1:colcon.colcon_core.environment:create_file_with_runtime_dependencies(/home/siddharth/MPC_workspace/install/turtle_mpc/share/colcon-core/packages/turtle_mpc)
[1.320s] DEBUG:colcon.colcon_parallel_executor.executor.parallel:closing loop
[1.320s] DEBUG:colcon.colcon_parallel_executor.executor.parallel:loop closed
[1.320s] DEBUG:colcon.colcon_parallel_executor.executor.parallel:run_until_complete finished with '0'
[1.320s] DEBUG:colcon.colcon_core.event_reactor:joining thread
[1.341s] INFO:colcon.colcon_core.plugin_system:Skipping extension 'colcon_notification.desktop_notification.terminal_notifier': Not used on non-Darwin systems
[1.341s] INFO:colcon.colcon_core.plugin_system:Skipping extension 'colcon_notification.desktop_notification.win32': Not used on non-Windows systems
[1.341s] INFO:colcon.colcon_notification.desktop_notification:Sending desktop notification using 'notify2'
[1.578s] DEBUG:colcon.colcon_core.event_reactor:joined thread
[1.579s] INFO:colcon.colcon_core.shell:Creating prefix script '/home/siddharth/MPC_workspace/install/local_setup.ps1'
[1.580s] INFO:colcon.colcon_core.shell:Creating prefix util module '/home/siddharth/MPC_workspace/install/_local_setup_util_ps1.py'
[1.581s] INFO:colcon.colcon_core.shell:Creating prefix chain script '/home/siddharth/MPC_workspace/install/setup.ps1'
[1.584s] INFO:colcon.colcon_core.shell:Creating prefix script '/home/siddharth/MPC_workspace/install/local_setup.sh'
[1.584s] INFO:colcon.colcon_core.shell:Creating prefix util module '/home/siddharth/MPC_workspace/install/_local_setup_util_sh.py'
[1.584s] INFO:colcon.colcon_core.shell:Creating prefix chain script '/home/siddharth/MPC_workspace/install/setup.sh'
[1.590s] INFO:colcon.colcon_core.shell:Creating prefix script '/home/siddharth/MPC_workspace/install/local_setup.bash'
[1.590s] INFO:colcon.colcon_core.shell:Creating prefix chain script '/home/siddharth/MPC_workspace/install/setup.bash'
[1.591s] INFO:colcon.colcon_core.shell:Creating prefix script '/home/siddharth/MPC_workspace/install/local_setup.zsh'
[1.592s] INFO:colcon.colcon_core.shell:Creating prefix chain script '/home/siddharth/MPC_workspace/install/setup.zsh'
